This is pdfTeX, Version 3.14159265-2.6-1.40.19 (TeX Live 2018/W32TeX) (preloaded format=latex 2018.6.1)  20 OCT 2023 18:40
entering extended mode
 restricted \write18 enabled.
 %&-line parsing enabled.
**functions.py
(./functions.py
LaTeX2e <2018-04-01> patch level 5

! LaTeX Error: Missing \begin{document}.

See the LaTeX manual or LaTeX Companion for explanation.
Type  H <return>  for immediate help.
 ...                                              
                                                  
l.1 d
     ef return_name():
? 
! Emergency stop.
 ...                                              
                                                  
l.1 d
     ef return_name():
You're in trouble here.  Try typing  <return>  to proceed.
If that doesn't work, type  X <return>  to quit.

 
Here is how much of TeX's memory you used:
 7 strings out of 492648
 276 string characters out of 6133367
 56568 words of memory out of 5000000
 3990 multiletter control sequences out of 15000+600000
 3640 words of font info for 14 fonts, out of 8000000 for 9000
 1141 hyphenation exceptions out of 8191
 5i,0n,4p,33b,14s stack positions out of 5000i,500n,10000p,200000b,80000s
No pages of output.
